e:\ogl\projects\basic\debug\vc140.pdb
e:\ogl\projects\basic\debug\vc140.idb
e:\ogl\projects\basic\debug\coordinates.obj
e:\ogl\projects\basic\debug\main.obj
e:\ogl\projects\basic\debug\modelfactory.obj
e:\ogl\projects\basic\debug\rawmodel.obj
e:\ogl\projects\basic\debug\renderer.obj
e:\ogl\projects\basic\debug\shadermanager.obj
e:\ogl\projects\basic\debug\enginetester.obj
e:\ogl\projects\basic\debug\vc141.pdb
e:\ogl\projects\basic\debug\vc141.idb
e:\ogl\projects\basic\debug\modelbuilder.obj
e:\ogl\projects\basic\debug\model.obj
e:\ogl\projects\basic\debug\texture.obj
e:\ogl\projects\basic\debug\camera.obj
e:\ogl\projects\basic\debug\keyboardmanager.obj
e:\ogl\projects\basic\debug\objloader.obj
e:\ogl\projects\basic\debug\objmodelbuilder.obj
e:\ogl\projects\basic\debug\inputmanager.obj
e:\ogl\projects\basic\debug\basicshadermanager.obj
e:\ogl\projects\basic\debug\light.obj
e:\ogl\projects\basic\debug\lightshadermanager.obj
e:\ogl\projects\itsaprank\debug\basic.ilk
e:\ogl\projects\itsaprank\debug\basic.exe
e:\ogl\projects\itsaprank\debug\basic.pdb
e:\ogl\projects\basic\debug\basic.tlog\cl.command.1.tlog
e:\ogl\projects\basic\debug\basic.tlog\cl.read.1.tlog
e:\ogl\projects\basic\debug\basic.tlog\cl.write.1.tlog
e:\ogl\projects\basic\debug\basic.tlog\link.command.1.tlog
e:\ogl\projects\basic\debug\basic.tlog\link.read.1.tlog
e:\ogl\projects\basic\debug\basic.tlog\link.write.1.tlog
